{"/Users/yasereisa/HackReactor/Course/SDC/server/index.js": {"path":"/Users/yasereisa/HackReactor/Course/SDC/server/index.js","statementMap":{"0":{"start":{"line":1,"column":16},"end":{"line":1,"column":34}},"1":{"start":{"line":2,"column":12},"end":{"line":2,"column":21}},"2":{"start":{"line":3,"column":16},"end":{"line":3,"column":39}},"3":{"start":{"line":4,"column":0},"end":{"line":4,"column":26}},"4":{"start":{"line":5,"column":11},"end":{"line":5,"column":26}},"5":{"start":{"line":7,"column":13},"end":{"line":7,"column":74}},"6":{"start":{"line":9,"column":0},"end":{"line":9,"column":15}},"7":{"start":{"line":10,"column":0},"end":{"line":10,"column":24}},"8":{"start":{"line":12,"column":0},"end":{"line":14,"column":2}},"9":{"start":{"line":13,"column":2},"end":{"line":13,"column":26}},"10":{"start":{"line":18,"column":0},"end":{"line":18,"column":48}},"11":{"start":{"line":19,"column":0},"end":{"line":19,"column":41}},"12":{"start":{"line":20,"column":0},"end":{"line":20,"column":35}},"13":{"start":{"line":24,"column":13},"end":{"line":24,"column":77}},"14":{"start":{"line":24,"column":36},"end":{"line":24,"column":76}},"15":{"start":{"line":28,"column":0},"end":{"line":28,"column":24}},"16":{"start":{"line":29,"column":0},"end":{"line":29,"column":23}}},"fnMap":{"0":{"name":"(anonymous_0)","decl":{"start":{"line":12,"column":13},"end":{"line":12,"column":14}},"loc":{"start":{"line":12,"column":27},"end":{"line":14,"column":1}},"line":12},"1":{"name":"(anonymous_1)","decl":{"start":{"line":24,"column":30},"end":{"line":24,"column":31}},"loc":{"start":{"line":24,"column":36},"end":{"line":24,"column":76}},"line":24}},"branchMap":{"0":{"loc":{"start":{"line":7,"column":13},"end":{"line":7,"column":74}},"type":"cond-expr","locations":[{"start":{"line":7,"column":46},"end":{"line":7,"column":70}},{"start":{"line":7,"column":73},"end":{"line":7,"column":74}}],"line":7},"1":{"loc":{"start":{"line":7,"column":46},"end":{"line":7,"column":70}},"type":"binary-expr","locations":[{"start":{"line":7,"column":46},"end":{"line":7,"column":62}},{"start":{"line":7,"column":66},"end":{"line":7,"column":70}}],"line":7}},"s":{"0":1,"1":1,"2":1,"3":1,"4":1,"5":1,"6":1,"7":1,"8":1,"9":0,"10":1,"11":1,"12":1,"13":1,"14":1,"15":1,"16":1},"f":{"0":0,"1":1},"b":{"0":[0,1],"1":[0,0]},"_coverageSchema":"1a1c01bbd47fc00a2c39e90264f33305004495a9","hash":"cce658f2e95a61cbb5935285159f065842ca050c"}
}
